<?xml version="1.0" encoding="UTF-8"?>
<!-- Generated by org.testng.reporters.JUnitReportReporter -->
<testsuite hostname="CaHeo.local" failures="0" tests="2" name="runner.TestRunner" time="15.392" errors="0" timestamp="2022-11-13T19:19:16 ICT" skipped="0">
  <testcase classname="runner.TestRunner" name="runScenario" time="2.657"/>
  <system-out/>
  <testcase classname="runner.TestRunner" name="runScenario" time="12.735"/>
  <system-out/>
</testsuite> <!-- runner.TestRunner -->
